2025-09-09 03:45:06,154 - main - INFO - Environment: development
2025-09-09 03:45:06,155 - main - INFO - Debug mode: True
2025-09-09 03:45:06,199 - sqlalchemy.engine.Engine - INFO - select pg_catalog.version()
2025-09-09 03:45:06,200 - sqlalchemy.engine.Engine - INFO - [raw sql] ()
2025-09-09 03:45:06,203 - sqlalchemy.engine.Engine - INFO - select current_schema()
2025-09-09 03:45:06,203 - sqlalchemy.engine.Engine - INFO - [raw sql] ()
2025-09-09 03:45:06,206 - sqlalchemy.engine.Engine - INFO - show standard_conforming_strings
2025-09-09 03:45:06,206 - sqlalchemy.engine.Engine - INFO - [raw sql] ()
2025-09-09 03:45:06,210 - sqlalchemy.engine.Engine - INFO - BEGIN (implicit)
2025-09-09 03:45:06,211 - sqlalchemy.engine.Engine - INFO - SELECT 1 as test
2025-09-09 03:45:06,212 - sqlalchemy.engine.Engine - INFO - [generated in 0.00089s] ()
2025-09-09 03:45:06,215 - sqlalchemy.engine.Engine - INFO - SELECT version()
2025-09-09 03:45:06,216 - sqlalchemy.engine.Engine - INFO - [generated in 0.00045s] ()
2025-09-09 03:45:06,226 - app.core.database - INFO - Database version: PostgreSQL 17.6 (Debian 17.6-1.pgdg13+1) on x86_64-pc-linux-gnu, compiled by gcc (Debian 14.2.0-19) 14.2.0, 64-bit
2025-09-09 03:45:06,227 - sqlalchemy.engine.Engine - INFO - COMMIT
2025-09-09 03:45:06,236 - sqlalchemy.engine.Engine - INFO - BEGIN (implicit)
2025-09-09 03:45:06,237 - sqlalchemy.engine.Engine - INFO - COMMIT
2025-09-09 03:45:50,348 - app.middleware.auth - INFO - Request completed: GET /docs - Status: 200 - Time: 0.000s - IP: 127.0.0.1 - User-Agent: Mozilla/5.0 (Windows NT 10.0; Win64; x64) AppleWebKit/537.36 (KHTML, like Gecko) Code/1.103.2 Chrome/138.0.7204.100 Electron/37.2.3 Safari/537.36
2025-09-09 03:45:58,406 - app.core.database - ERROR - Failed to get database stats: 'AsyncAdaptedQueuePool' object has no attribute 'invalid'
2025-09-09 03:45:58,407 - app.core.database - INFO - Closing database connections. Final pool stats: {}
2025-09-09 03:50:57,657 - main - INFO - Environment: development
2025-09-09 03:50:57,657 - main - INFO - Debug mode: True
2025-09-09 03:50:57,698 - sqlalchemy.engine.Engine - INFO - select pg_catalog.version()
2025-09-09 03:50:57,699 - sqlalchemy.engine.Engine - INFO - [raw sql] ()
2025-09-09 03:50:57,702 - sqlalchemy.engine.Engine - INFO - select current_schema()
2025-09-09 03:50:57,702 - sqlalchemy.engine.Engine - INFO - [raw sql] ()
2025-09-09 03:50:57,705 - sqlalchemy.engine.Engine - INFO - show standard_conforming_strings
2025-09-09 03:50:57,705 - sqlalchemy.engine.Engine - INFO - [raw sql] ()
2025-09-09 03:50:57,708 - sqlalchemy.engine.Engine - INFO - BEGIN (implicit)
2025-09-09 03:50:57,709 - sqlalchemy.engine.Engine - INFO - SELECT 1 as test
2025-09-09 03:50:57,709 - sqlalchemy.engine.Engine - INFO - [generated in 0.00027s] ()
2025-09-09 03:50:57,713 - sqlalchemy.engine.Engine - INFO - SELECT version()
2025-09-09 03:50:57,713 - sqlalchemy.engine.Engine - INFO - [generated in 0.00072s] ()
2025-09-09 03:50:57,724 - app.core.database - INFO - Database version: PostgreSQL 17.6 (Debian 17.6-1.pgdg13+1) on x86_64-pc-linux-gnu, compiled by gcc (Debian 14.2.0-19) 14.2.0, 64-bit
2025-09-09 03:50:57,725 - sqlalchemy.engine.Engine - INFO - COMMIT
2025-09-09 03:50:57,734 - sqlalchemy.engine.Engine - INFO - BEGIN (implicit)
2025-09-09 03:50:57,734 - sqlalchemy.engine.Engine - INFO - COMMIT
2025-09-09 03:51:00,786 - app.middleware.auth - INFO - Request completed: GET /docs - Status: 200 - Time: 0.001s - IP: 127.0.0.1 - User-Agent: Mozilla/5.0 (Windows NT 10.0; Win64; x64) AppleWebKit/537.36 (KHTML, like Gecko) Chrome/139.0.0.0 Safari/537.36
2025-09-09 03:51:01,201 - app.middleware.auth - INFO - Request completed: GET /openapi.json - Status: 200 - Time: 0.014s - IP: 127.0.0.1 - User-Agent: Mozilla/5.0 (Windows NT 10.0; Win64; x64) AppleWebKit/537.36 (KHTML, like Gecko) Chrome/139.0.0.0 Safari/537.36
2025-09-09 03:53:36,382 - app.core.database - ERROR - Failed to get database stats: 'AsyncAdaptedQueuePool' object has no attribute 'invalid'
2025-09-09 03:53:36,383 - app.core.database - INFO - Closing database connections. Final pool stats: {}
